<?xml version="1.0" encoding="UTF-8"?>
<!-- Generated by org.testng.reporters.JUnitXMLReporter -->
<testsuite ignored="0" hostname="PUNITP327515L" failures="0" tests="3" name="Default test" time="25.885" errors="0" timestamp="2023-12-30T13:14:03 IST">
  <testcase classname="FW24.Tests.SubmitOrderTests" name="submitOrder" time="3.357"/>
  <testcase classname="FW24.Tests.SubmitOrderTests" name="submitOrder" time="3.203"/>
  <testcase classname="FW24.Tests.SubmitOrderTests" name="orderHistory" time="0.838"/>
</testsuite> <!-- Default test -->
