<?xml version="1.0" encoding="UTF-8"?>
<!-- Generated by org.testng.reporters.JUnitXMLReporter -->
<testsuite ignored="0" hostname="PUNITP327515L" failures="0" tests="3" name="Submit Order" time="57.645" errors="0" timestamp="2024-01-05T16:54:28 IST">
  <testcase classname="FW24.Tests.SubmitOrderTests" name="submitOrder" time="5.62"/>
  <testcase classname="FW24.Tests.SubmitOrderTests" name="submitOrder" time="5.024"/>
  <testcase classname="FW24.Tests.SubmitOrderTests" name="orderHistory" time="2.229"/>
</testsuite> <!-- Submit Order -->
